<?xml version="1.0" encoding="UTF-8"?>
<!-- Generated by org.testng.reporters.JUnitXMLReporter -->
<testsuite ignored="5" hostname="evyatar" failures="0" tests="3" name="test" time="32.324" errors="0" timestamp="2022-01-23T20:13:05 IST">
  <testcase classname="testcases.NavBarPageTest" name="pickGiftFromInputBox" time="0.826"/>
  <testcase classname="testcases.NavBarPageTest" name="pickGiftFromInputBox" time="0.885"/>
  <testcase classname="testcases.NavBarPageTest" name="pickGiftFromInputBox" time="0.88"/>
  <testcase classname="testcases.NavBarPageTest" name="searchGiftFromInputBoxSuggest" time="0.0">
    <ignored/>
  </testcase> <!-- searchGiftFromInputBoxSuggest -->
  <testcase classname="testcases.LoginPageTest" name="testLogin" time="0.0">
    <ignored/>
  </testcase> <!-- testLogin -->
  <testcase classname="testBase.TestBase" name="@BeforeSuite beforeSuite" time="0.0">
    <ignored/>
  </testcase> <!-- @BeforeSuite beforeSuite -->
  <testcase classname="testcases.LoginPageTest" name="doLogin" time="0.0">
    <ignored/>
  </testcase> <!-- doLogin -->
  <testcase classname="testcases.NavBarPageTest" name="pickGiftFromNavBar" time="0.0">
    <ignored/>
  </testcase> <!-- pickGiftFromNavBar -->
</testsuite> <!-- test -->
