<?xml version="1.0" encoding="UTF-8"?>
<testng-results ignored="0" total="1" passed="1" failed="0" skipped="0">
  <reporter-output>
  </reporter-output>
  <suite started-at="2022-01-23T22:09:33 IST" name="All Test Suite" finished-at="2022-01-23T22:09:59 IST" duration-ms="25815">
    <groups>
    </groups>
    <test started-at="2022-01-23T22:09:33 IST" name="EndToEndTest" finished-at="2022-01-23T22:09:59 IST" duration-ms="25815">
      <class name="testcases.EndToEnd">
        <test-method is-config="true" signature="beforeSuite()[pri:0, instance:testcases.EndToEnd@662ac478]" started-at="2022-01-23T22:09:33 IST" name="beforeSuite" finished-at="2022-01-23T22:09:33 IST" duration-ms="64" status="PASS">
          <reporter-output>
          </reporter-output>
        </test-method> <!-- beforeSuite -->
        <test-method is-config="true" signature="setup(java.lang.reflect.Method,java.lang.String)[pri:0, instance:testcases.EndToEnd@662ac478]" started-at="2022-01-23T22:09:33 IST" name="setup" finished-at="2022-01-23T22:09:49 IST" duration-ms="16019" status="PASS">
          <params>
            <param index="0">
              <value>
                <![CDATA[public void testcases.EndToEnd.testProcess()]]>
              </value>
            </param>
            <param index="1">
              <value>
                <![CDATA[CHROME]]>
              </value>
            </param>
          </params>
          <reporter-output>
          </reporter-output>
        </test-method> <!-- setup -->
        <test-method signature="testProcess()[pri:0, instance:testcases.EndToEnd@662ac478]" started-at="2022-01-23T22:09:49 IST" name="testProcess" finished-at="2022-01-23T22:09:58 IST" duration-ms="9245" status="PASS">
          <reporter-output>
          </reporter-output>
        </test-method> <!-- testProcess -->
        <test-method is-config="true" signature="afterMethod(org.testng.ITestResult,java.lang.reflect.Method)[pri:0, instance:testcases.EndToEnd@662ac478]" started-at="2022-01-23T22:09:58 IST" name="afterMethod" finished-at="2022-01-23T22:09:59 IST" duration-ms="534" status="PASS">
          <params>
            <param index="0">
              <value>
                <![CDATA[[TestResult name=testProcess status=SUCCESS method=EndToEnd.testProcess()[pri:0, instance:testcases.EndToEnd@662ac478] output={null}]]]>
              </value>
            </param>
            <param index="1">
              <value>
                <![CDATA[public void testcases.EndToEnd.testProcess()]]>
              </value>
            </param>
          </params>
          <reporter-output>
          </reporter-output>
        </test-method> <!-- afterMethod -->
      </class> <!-- testcases.EndToEnd -->
    </test> <!-- EndToEndTest -->
  </suite> <!-- All Test Suite -->
</testng-results>
