<?xml version="1.0" encoding="UTF-8"?>
<testsuite xmlns:xsi="http://www.w3.org/2001/XMLSchema-instance" xsi:noNamespaceSchemaLocation="https://maven.apache.org/surefire/maven-surefire-plugin/xsd/surefire-test-report-3.0.xsd" version="3.0" name="TestSuite" time="303.834" tests="24" errors="0" skipped="0" failures="1">
  <properties>
[...]
</properties>
  <testcase name="verifySiteURL" classname="testcases.HomePageTest" time="0.009"/>
  <testcase name="verifyHomePageTitle" classname="testcases.HomePageTest" time="0.007"/>
  <testcase name="verifyLogoPresent" classname="testcases.HomePageTest" time="0.075"/>
  <testcase name="pickGiftFromNavBar" classname="testcases.NavBarPageTest" time="0.828"/>
  <testcase name="pickGiftFromInputBox" classname="testcases.NavBarPageTest" time="0.924"/>
  <testcase name="pickGiftFromInputBox" classname="testcases.NavBarPageTest" time="0.938"/>
  <testcase name="pickGiftFromInputBox" classname="testcases.NavBarPageTest" time="0.909"/>
  <testcase name="pickGiftFromInputBox" classname="testcases.NavBarPageTest" time="0.827"/>
  <testcase name="pickGiftFromInputBox" classname="testcases.NavBarPageTest" time="0.885"/>
  <testcase name="pickGiftFromInputBox" classname="testcases.NavBarPageTest" time="0.88"/>
  <testcase name="searchGiftFromInputBoxSuggest" classname="testcases.NavBarPageTest" time="1.073"/>
  <testcase name="verifySearchResultHeaderPage" classname="testcases.SearchResultTest" time="2.21"/>
  <testcase name="pickGiftCardFromTopCategories" classname="testcases.SearchResultTest" time="1.22"/>
  <testcase name="pickGiftFromMainCategories" classname="testcases.SearchResultTest" time="2.636"/>
  <testcase name="catchingJSErrorOnBlankMoneyBox" classname="testcases.GiftCardPageTest" time="0.312"/>
  <testcase name="verifyWhoToSendPage" classname="testcases.WhoToSendPageTest" time="0.195"/>
  <testcase name="VerifySomeoneElseCheckBox" classname="testcases.WhoToSendPageTest" time="0.05"/>
  <testcase name="verifyForMySelfCheckBoxImgResponse" classname="testcases.WhoToSendPageTest" time="0.302"/>
  <testcase name="verifyGiftPriceChange" classname="testcases.WhoToSendPageTest" time="0.341"/>
  <testcase name="setWhoToSendPage" classname="testcases.WhoToSendPageTest" time="0.639"/>
  <testcase name="setWhoToSendPage" classname="testcases.HowToSendPageTest" time="5.599"/>
  <testcase name="testLogin" classname="testcases.LoginPageTest" time="4.35">
    <failure message="element click intercepted: Element &lt;button id=&quot;ember2133&quot; type=&quot;submit&quot; gtm=&quot;המשך&quot; class=&quot;ember-view bm-btn no-reverse main xl stretch&quot;&gt;...&lt;/button&gt; is not clickable at point (1234, 891). Other element would receive the click: &lt;div class=&quot;bm-white-loading-screen fade-in&quot;&gt;...&lt;/div&gt;&#10;  (Session info: chrome=97.0.4692.99)&#10;Build info: version: &apos;4.1.0&apos;, revision: &apos;87802e897b&apos;&#10;System info: host: &apos;EVYATAR&apos;, ip: &apos;192.168.1.102&apos;, os.name: &apos;Windows 10&apos;, os.arch: &apos;amd64&apos;, os.version: &apos;10.0&apos;, java.version: &apos;17.0.1&apos;&#10;Driver info: org.openqa.selenium.chrome.ChromeDriver&#10;Command: [af52f710bc75ab9b37fbab4492c01634, clickElement {id=fc41bc14-a534-490c-9cd3-b2b3b7fb4910}]&#10;Capabilities {acceptInsecureCerts: false, browserName: chrome, browserVersion: 97.0.4692.99, chrome: {chromedriverVersion: 97.0.4692.71 (adefa7837d02a..., userDataDir: C:\Users\coevy\AppData\Loca...}, goog:chromeOptions: {debuggerAddress: localhost:51596}, javascriptEnabled: true, networkConnectionEnabled: false, pageLoadStrategy: normal, platform: WINDOWS, platformName: WINDOWS, proxy: Proxy(), se:cdp: ws://localhost:51596/devtoo..., se:cdpVersion: 97.0.4692.99, setWindowRect: true, strictFileInteractability: false, timeouts: {implicit: 0, pageLoad: 300000, script: 30000}, unhandledPromptBehavior: dismiss and notify, webauthn:extension:credBlob: true, webauthn:extension:largeBlob: true, webauthn:virtualAuthenticators: true}&#10;Element: [[ChromeDriver: chrome on WINDOWS (af52f710bc75ab9b37fbab4492c01634)] -&gt; css selector: button[type=&apos;submit&apos;]]&#10;Session ID: af52f710bc75ab9b37fbab4492c01634" type="org.openqa.selenium.ElementClickInterceptedException"><![CDATA[org.openqa.selenium.ElementClickInterceptedException: 
element click intercepted: Element <button id="ember2133" type="submit" gtm="המשך" class="ember-view bm-btn no-reverse main xl stretch">...</button> is not clickable at point (1234, 891). Other element would receive the click: <div class="bm-white-loading-screen fade-in">...</div>
  (Session info: chrome=97.0.4692.99)
Build info: version: '4.1.0', revision: '87802e897b'
System info: host: 'EVYATAR', ip: '192.168.1.102', os.name: 'Windows 10', os.arch: 'amd64', os.version: '10.0', java.version: '17.0.1'
Driver info: org.openqa.selenium.chrome.ChromeDriver
Command: [af52f710bc75ab9b37fbab4492c01634, clickElement {id=fc41bc14-a534-490c-9cd3-b2b3b7fb4910}]
Capabilities {acceptInsecureCerts: false, browserName: chrome, browserVersion: 97.0.4692.99, chrome: {chromedriverVersion: 97.0.4692.71 (adefa7837d02a..., userDataDir: C:\Users\coevy\AppData\Loca...}, goog:chromeOptions: {debuggerAddress: localhost:51596}, javascriptEnabled: true, networkConnectionEnabled: false, pageLoadStrategy: normal, platform: WINDOWS, platformName: WINDOWS, proxy: Proxy(), se:cdp: ws://localhost:51596/devtoo..., se:cdpVersion: 97.0.4692.99, setWindowRect: true, strictFileInteractability: false, timeouts: {implicit: 0, pageLoad: 300000, script: 30000}, unhandledPromptBehavior: dismiss and notify, webauthn:extension:credBlob: true, webauthn:extension:largeBlob: true, webauthn:virtualAuthenticators: true}
Element: [[ChromeDriver: chrome on WINDOWS (af52f710bc75ab9b37fbab4492c01634)] -> css selector: button[type='submit']]
Session ID: af52f710bc75ab9b37fbab4492c01634
	at testcases.LoginPageTest.testLogin(LoginPageTest.java:48)
]]></failure>
    <system-out><![CDATA[ INFO [main] (TestBase.java:98)- **************setWhoToSendPageFinished***************
src/main/resources/configFiles/config.properties
src/main/resources/screenShots
 INFO [main] (TestBase.java:125)- Internalize Web driver 1496323398
 INFO [main] (WaitHelper.java:23)- WaitHelper object created..
 INFO [main] (WaitHelper.java:32)- Implicit Wait has been set to: 20
 INFO [main] (WaitHelper.java:23)- WaitHelper object created..
src/main/resources/dataprovider/Book1.xlsx
 INFO [main] (WaitHelper.java:23)- WaitHelper object created..
 INFO [main] (WaitHelper.java:23)- WaitHelper object created..
 INFO [main] (NavBarPage.java:61)- Waiting for element [[ChromeDriver: chrome on WINDOWS (af52f710bc75ab9b37fbab4492c01634)] -> css selector: span.selected-text] To be clickable
 INFO [main] (WaitHelper.java:23)- WaitHelper object created..
 INFO [main] (WaitHelper.java:75)- waiting for :[[ChromeDriver: chrome on WINDOWS (af52f710bc75ab9b37fbab4492c01634)] -> css selector: span.selected-text] for :20 seconds
 INFO [main] (WaitHelper.java:78)- element is clickable now
 INFO [main] (NavBarPage.java:64)- Click on Amount navBar Btn: סכום
 INFO [main] (NavBarPage.java:80)- click on 500 from dropdown
 INFO [main] (VerificationHelper.java:33)- Element is present [[ChromeDriver: chrome on WINDOWS (af52f710bc75ab9b37fbab4492c01634)] -> css selector: div.dropdown li span]
 INFO [main] (NavBarPage.java:69)- Clicking on Area Element אזור
 INFO [main] (NavBarPage.java:80)- click on דרום from dropdown
 INFO [main] (VerificationHelper.java:33)- Element is present [[ChromeDriver: chrome on WINDOWS (af52f710bc75ab9b37fbab4492c01634)] -> css selector: div.dropdown li span]
 INFO [main] (NavBarPage.java:75)- Clicking On Category dropdown קטגוריה
 INFO [main] (NavBarPage.java:80)- click on עד הבית from dropdown
 INFO [main] (VerificationHelper.java:33)- Element is present [[ChromeDriver: chrome on WINDOWS (af52f710bc75ab9b37fbab4492c01634)] -> css selector: div.dropdown li span]
 INFO [main] (NavBarPage.java:102)- Click on Search me a gift Button תמצאו לי מתנה
 INFO [main] (SearchResultPage.java:46)- Picking Gift Card  From search Result Page CASTRO
 INFO [main] (SearchResultPage.java:51)- Found gift card: CASTROfrom the search result page
 INFO [main] (GiftCardPage.java:47)- verify if Enter money Amount is Display 
 INFO [main] (GiftCardPage.java:58)- Click On Buttonבחירה
src/main/resources/photos/flower.jpg
 INFO [main] (WaitHelper.java:23)- WaitHelper object created..
 INFO [main] (WaitHelper.java:147)- waiting for :[[ChromeDriver: chrome on WINDOWS (af52f710bc75ab9b37fbab4492c01634)] -> css selector: label#friendName>input] for :20 seconds
 INFO [main] (WaitHelper.java:150)- element is visible now
 INFO [main] (WhoToSendPage.java:90)- Send friend name into textBox: friendName
 INFO [main] (WhoToSendPage.java:95)- Clearing suggest text blessing& adding new Bless into textBox: אח שלי גיבור המון מזל טוב ליום הולדתך
 INFO [main] (WhoToSendPage.java:101)- Upload a photo ..
 INFO [main] (WhoToSendPage.java:106)- Clicking Button המשך
]]></system-out>
    <system-err><![CDATA[Starting ChromeDriver 97.0.4692.71 (adefa7837d02a07a604c1e6eff0b3a09422ab88d-refs/branch-heads/4692@{#1247}) on port 52652
Only local connections are allowed.
Please see https://chromedriver.chromium.org/security-considerations for suggestions on keeping ChromeDriver safe.
ChromeDriver was started successfully.
Jan 23, 2022 8:12:01 PM org.openqa.selenium.remote.ProtocolHandshake createSession
INFO: Detected dialect: W3C
Jan 23, 2022 8:12:01 PM org.openqa.selenium.devtools.CdpVersionFinder findNearestMatch
WARNING: Unable to find an exact match for CDP version 97, so returning the closest version found: a no-op implementation
Jan 23, 2022 8:12:01 PM org.openqa.selenium.devtools.CdpVersionFinder findNearestMatch
INFO: Unable to find CDP implementation matching 97.
Jan 23, 2022 8:12:01 PM org.openqa.selenium.chromium.ChromiumDriver lambda$new$3
WARNING: Unable to find version of CDP to use for . You may need to include a dependency on a specific version of the CDP using something similar to `org.seleniumhq.selenium:selenium-devtools-v86:4.1.0` where the version ("v86") matches the version of the chromium-based browser you're using and the version number of the artifact is the same as Selenium's.
]]></system-err>
  </testcase>
  <testcase name="testProcess" classname="testcases.EndToEnd" time="8.776"/>
  <testcase name="testProcess" classname="testcases.EndToEnd" time="7.568"/>
</testsuite>