<?xml version="1.0" encoding="UTF-8"?>
<!-- Generated by org.testng.reporters.JUnitXMLReporter -->
<testsuite ignored="2" hostname="evyatar" failures="0" tests="1" name="A" time="4.925" errors="0" timestamp="2022-01-21T15:15:55 IST">
  <testcase classname="testcases.HomePageTest" name="verifyLogoPresent" time="0.061"/>
  <testcase classname="testcases.HomePageTest" name="getHomePageTitle" time="0.0">
    <ignored/>
  </testcase> <!-- getHomePageTitle -->
  <testcase classname="testcases.HomePageTest" name="verifySiteURL" time="0.0">
    <ignored/>
  </testcase> <!-- verifySiteURL -->
</testsuite> <!-- A -->
